Godot Engine v4.0.2.stable.mono.official.7a0977ce2 - https://godotengine.org
TextServer: Added interface "Dummy"
TextServer: Added interface "ICU / HarfBuzz / Graphite (Built-in)"
Text-to-Speech: SAPI initialized.
Vulkan devices:
  #0: AMD AMD Radeon(TM) Graphics - Supported, Integrated
  #1: NVIDIA NVIDIA GeForce GTX 1660 Ti with Max-Q Design - Supported, Discrete
Vulkan API 1.3.205 - Forward+ - Using Vulkan Device #1: NVIDIA - NVIDIA GeForce GTX 1660 Ti with Max-Q Design
Optional extension VK_KHR_incremental_present not found
Optional extension VK_GOOGLE_display_timing not found
- Vulkan Variable Rate Shading supported:
  Pipeline fragment shading rate
  Primitive fragment shading rate
  Attachment fragment shading rate, min texel size: (16, 16), max texel size: (16, 16)
- Vulkan multiview supported:
  max view count: 32
  max instances: 134217727
- Vulkan subgroup:
  size: 32
  stages: STAGE_VERTEX, STAGE_TESSELLATION_CONTROL, STAGE_TESSELLATION_EVALUATION, STAGE_GEOMETRY, STAGE_FRAGMENT, STAGE_COMPUTE, STAGE_RAYGEN_KHR, STAGE_ANY_HIT_KHR, STAGE_CLOSEST_HIT_KHR, STAGE_MISS_KHR, STAGE_INTERSECTION_KHR, STAGE_CALLABLE_KHR, STAGE_TASK_NV, STAGE_MESH_NV
  supported ops: FEATURE_BASIC, FEATURE_VOTE, FEATURE_ARITHMETIC, FEATURE_BALLOT, FEATURE_SHUFFLE, FEATURE_SHUFFLE_RELATIVE, FEATURE_CLUSTERED, FEATURE_QUAD, FEATURE_PARTITIONED_NV
  quad operations in all stages
Using "winink" pen tablet driver...
Creating VMA small objects pool for memory type index 1
Shader 'CanvasSdfShaderRD' SHA256: 1958a76b2aabdebdd10f0bfb058a5ea6d8637bbd3318f8f882cff872fea8c298
Shader 'SkeletonShaderRD' SHA256: cea8b04887c992aacf48fb409eb13d4bef0c99f3c4a9dff899c490dfc00c9aba
Shader 'ParticlesShaderRD' SHA256: a479e5982cc4a9f25336e10222672e7b6801e292c7ee5a096d55bcd355b5ba15
Shader 'ParticlesCopyShaderRD' SHA256: 7d9cfbc91a2b0e6c5c93c67e67e34efcb46d5c31e5c09389896b9c56a5e1237b
Shader 'CanvasShaderRD' SHA256: bedc08ba6f85ef957bbe696c0bba5ffb8b66b2a291e6af7d43a442658818929c
Shader 'CanvasOcclusionShaderRD' SHA256: e9db8febdf617af28d2f491b9a604020bce72a4439e36fc915d3f5564feecc96
Shader 'ClusterRenderShaderRD' SHA256: 5a999420edae1ab6a00fdca09f0590eb01c07a3b14ff64d0d17d5b650b8712a6
Shader 'ClusterStoreShaderRD' SHA256: ea6420946bdecbf5f952ad36ebc27e757d33c3e03968ea67d942c9219d6eeac1
Shader 'ClusterDebugShaderRD' SHA256: 2bf9de9a16cea4196929e75550537049137cf02be61e820fc204f9c648b8e33a
Shader 'SceneForwardClusteredShaderRD' SHA256: 35269f621677af303099c022a756ce76e1850eded7a84e0b5bc8c07730feab9c
Shader 'ResolveShaderRD' SHA256: da2872b1bcbe0ebb2f8b45a72ad31688c4767e6bf295a4a5e63e0e210d5e2b88
Shader 'TaaResolveShaderRD' SHA256: 367327816da9f63e3d9d4167469887bb5db964711ecc8d04de2b9f9f724d876d
Shader 'SsEffectsDownsampleShaderRD' SHA256: c98d6e228a580da1218d887579e45b99e0c1bd78ba04b774523ac25409e96820
Shader 'SsilShaderRD' SHA256: ad8a3d6459ec98759afcc48d42c0908170028c856ee7a8bbc4c8b4ef50f23e68
Shader 'SsilImportanceMapShaderRD' SHA256: d3ded1bfffb12d8c848c6dd25edfe7e614aa6ca884df5645dbc29006ab99d821
Shader 'SsilBlurShaderRD' SHA256: 8bcb38fec8c5fd4a7fc13c3cd114ea0f71095a643a8e773beb46cf3e4a602c1b
Shader 'SsilInterleaveShaderRD' SHA256: 12ac9440beb9863aeaf84ee0504db650b19ed30b9588ddfe2ac7a5b9991f012c
Shader 'SsaoShaderRD' SHA256: d8b8676f2612a0f089a8d93277e9a0257d8ff113cb82b22937520c8572e5c345
Shader 'SsaoImportanceMapShaderRD' SHA256: c6fc8ae4465e7931ab432d82c195cdebd356f64209a87d2e042599d2de4ee75b
Shader 'SsaoBlurShaderRD' SHA256: 3af8166775c37d90da9cb3b1ac2a839278766fb5312f098d2fe6e4beaffab0e9
Shader 'SsaoInterleaveShaderRD' SHA256: 32a82a4e3cb4afe6c9d264202a9aed32bcadaf3b3c00ba1d6a5e61c4de205c36
Shader 'ScreenSpaceReflectionScaleShaderRD' SHA256: b09604b99d005cbe024bfd4c6c538f9989902a6a87556ea286cde37f9c46c2dc
Shader 'ScreenSpaceReflectionShaderRD' SHA256: 05d6f6e34d41ac1ee5fb0f1098b6ac74f6f4ea1741dfad0e445698753812db71
Shader 'ScreenSpaceReflectionFilterShaderRD' SHA256: a6435351c26ac3da5bb6aa04477519da376ccf360e608658d7d67bc9923f7017
Shader 'SubsurfaceScatteringShaderRD' SHA256: 3d9f7da79707cc84a65c32fcab4530c03b3960443e28557e44913023281a0d47
Shader 'SkyShaderRD' SHA256: b7d141b66b0598a3e9d57e637152672d880d72008e3fac2d41e33b447d50e4c5
Shader 'VoxelGiShaderRD' SHA256: c2be195d6b3b3e66e7eb07e5304a87f4cd69dcb598ab9edf4f5bbd6a1ec11a89
Shader 'VoxelGiDebugShaderRD' SHA256: 935004f2ce80aeb2f77b1419887c22c1bd679f6bb43ec1a0c5e30b8e9d33a3da
Shader 'SdfgiPreprocessShaderRD' SHA256: be78e4974de6b507f6a566921858649a0411bfd23b3e895b1970d4150c3bbc23
Shader 'SdfgiDirectLightShaderRD' SHA256: 89f62059056b8287dffc60bce1677380bbc7d900919ccc8e5ce986cd4ec4b4e1
Shader 'SdfgiIntegrateShaderRD' SHA256: 08886148fb1b030a07aa550940f958ab1ca7e1c9a48c8e3dfeda6cb540e7d07e
Shader 'GiShaderRD' SHA256: ada8768dc483461a18467a82fb3bf3bc537790da63a1e101144e204fbe5810aa
Shader 'SdfgiDebugShaderRD' SHA256: 94c89e6d958b1494e2e01851dfc183f72d55a8ab316323b2340576b55544c6b3
Shader 'SdfgiDebugProbesShaderRD' SHA256: 875f85da465f36cd8b4b2b234fc5e9fc66ddb3f51fe6dfa12bcec140742dc60b
Shader 'VolumetricFogShaderRD' SHA256: 567f219253d55d949167a1f84c1cec7a87a7d87cd9a5972cb61d5b5199ae077a
Shader 'VolumetricFogProcessShaderRD' SHA256: 4d2b76e2001715285b7f39353eb318761f9120d2531469416858892f09953d12
Shader 'BokehDofShaderRD' SHA256: f667601c4af0975785a8074f837d08cf03a647c4cd0eddc3aa41a2b886267d7a
Shader 'CopyShaderRD' SHA256: c41a2f906c6c44752059ab7bef01e43cf3b90ae916eee650b9e66a5819e1c9d5
Shader 'CopyToFbShaderRD' SHA256: f0139dedf177d8aa38b060deb96e7430bc59975e7805fa07dfa0787276d5309b
Shader 'CubeToDpShaderRD' SHA256: 211cc84b3d116ad096ea19fcee513fdd58afa3ddf20f49e0b9fc3004e1a16d8c
Shader 'CubemapDownsamplerShaderRD' SHA256: f1e52dce604b9eb4dc9954bf91db7e3cdfac0e47a024713c00ee3d5ab5789c9e
Shader 'CubemapFilterShaderRD' SHA256: 1d5c69b81aa002b6c9ef77ef00b985e3c78c2cc11b78a477b4af9802faa5a70f
Shader 'CubemapRoughnessShaderRD' SHA256: d610a2a176a318ae36e7ba7a6faec279bed20dc780b65981d494eae7705b3467
Shader 'SpecularMergeShaderRD' SHA256: 39c3dac0cf4a2d1b5bb54ecf0b5cbec65c7bd7821e6a7cc3b943fbbc4ede09d3
Shader 'LuminanceReduceShaderRD' SHA256: 6f4ec0d0bd00a5a433ee75bf1c1912cacd5638c7d87765bb4fe50b2884729e09
Shader 'TonemapShaderRD' SHA256: 90e14a66de8288055e91456d5a03a05ec31aafa5eaefefc33d73a76be4e575b5
Shader 'VrsShaderRD' SHA256: 47b00953f98a8b42d073f1623fb2906ecafd3cedfcef9c686f65260450c87e55
Shader 'FsrUpscaleShaderRD' SHA256: 0f7573d93c356e1a4091d117ac3a09f4ffda07c2502c76ade680ce9c429872d3
Shader 'RoughnessLimiterShaderRD' SHA256: 0af3822e69cf695c5f00370ab5e7686b45136c5d09dffa3162d1bb62d8a4fc27
Shader 'SortShaderRD' SHA256: ed4b3bfc321f557d07063e939db9863411f0f4903d5de1e96c91da13027ad5e0
Shader 'BlitShaderRD' SHA256: 7350d5ca92b3c2f90ee684cb2129c0482baf1aa951742feb2d0a3b802a796103
WASAPI: Activated output_device using IAudioClient3 interface
WASAPI: wFormatTag = 65534
WASAPI: nChannels = 2
WASAPI: nSamplesPerSec = 48000
WASAPI: nAvgBytesPerSec = 384000
WASAPI: nBlockAlign = 8
WASAPI: wBitsPerSample = 32
WASAPI: cbSize = 22
WASAPI: mix_rate = 48000
WASAPI: fundamental_period_frames = 480
WASAPI: min_period_frames = 480
WASAPI: max_period_frames = 480
WASAPI: selected a period frame size of 480
WASAPI: detected 2 channels
WASAPI: audio buffer frames: 480 calculated latency: 10ms
 
TextServer: Primary interface set to: "ICU / HarfBuzz / Graphite (Built-in)".
.NET: Initializing module...
Found hostfxr: C:\Program Files\dotnet\host/fxr/6.0.10/hostfxr.dll
.NET: hostfxr initialized
.NET: GodotPlugins initialized
CORE API HASH: 173118621
EDITOR API HASH: 1734580273
Loaded builtin certs
Unloading: Disposing tracked instances...
Unloading: Finished disposing tracked instances.
XR: Clearing primary interface
XR: Removed interfaceNative mobile
XR: Removed interfaceOpenXR
Orphan StringName: OP_MODULE
Orphan StringName: KEY_SYSREQ
Orphan StringName: PROPERTY_HINT_NONE
Orphan StringName: PROPERTY_USAGE_DEFERRED_SET_RESOURCE
Orphan StringName: INLINE_ALIGNMENT_TO_BASELINE
Orphan StringName: JOY_BUTTON_DPAD_LEFT
Orphan StringName: KEY_KP_SUBTRACT
Orphan StringName: OP_LESS
Orphan StringName: ERR_ALREADY_IN_USE
Orphan StringName: ERR_CANT_FORK
Orphan StringName: MIDI_MESSAGE_CONTINUE
Orphan StringName: MOUSE_BUTTON_MASK_LEFT
Orphan StringName: ERR_SKIP
Orphan StringName: KEY_ENTER
Orphan StringName: JOY_BUTTON_LEFT_STICK
Orphan StringName: JOY_BUTTON_BACK
Orphan StringName: Vector2
Orphan StringName: Vector3
Orphan StringName: Vector4
Orphan StringName: KEY_GLOBE
Orphan StringName: PROPERTY_HINT_LAYERS_2D_PHYSICS
Orphan StringName: MethodFlags
Orphan StringName: OP_IN
Orphan StringName: METHOD_FLAG_OBJECT_CORE
Orphan StringName: TYPE_PACKED_VECTOR3_ARRAY
Orphan StringName: OP_OR
Orphan StringName: JOY_BUTTON_INVALID
Orphan StringName: TYPE_RID
Orphan StringName: HORIZONTAL_ALIGNMENT_RIGHT
Orphan StringName: PROPERTY_HINT_ENUM
Orphan StringName: MIDI_MESSAGE_AFTERTOUCH
Orphan StringName: KEY_MASK_SHIFT
Orphan StringName: METHOD_FLAG_CONST
Orphan StringName: ERR_DATABASE_CANT_WRITE
Orphan StringName: ERR_DOES_NOT_EXIST
Orphan StringName: MOUSE_BUTTON_WHEEL_DOWN
Orphan StringName: JoyAxis
Orphan StringName: ERR_PARSE_ERROR
Orphan StringName: KEY_SEMICOLON
Orphan StringName: TYPE_PACKED_STRING_ARRAY
Orphan StringName: KEY_MASK_CTRL
Orphan StringName: ERR_FILE_MISSING_DEPENDENCIES
Orphan StringName: Error
Orphan StringName: KEY_SCROLLLOCK
Orphan StringName: PROPERTY_HINT_TYPE_STRING
Orphan StringName: KEY_BACKSPACE
Orphan StringName: KEY_HOME
Orphan StringName: JOY_AXIS_SDL_MAX
Orphan StringName: ERR_BUG
Orphan StringName: METHOD_FLAGS_DEFAULT
Orphan StringName: MOUSE_BUTTON_MASK_MIDDLE
Orphan StringName: Variant.Operator
Orphan StringName: MouseButtonMask
Orphan StringName: KEY_ALT
Orphan StringName: MIDI_MESSAGE_QUARTER_FRAME
Orphan StringName: PROPERTY_HINT_LAYERS_3D_RENDER
Orphan StringName: RID
Orphan StringName: KEY_PRINT
Orphan StringName: ERR_QUERY_FAILED
Orphan StringName: KEY_LEFT
Orphan StringName: KEY_BAR
Orphan StringName: KEY_QUESTION
Orphan StringName: INLINE_ALIGNMENT_TO_CENTER
Orphan StringName: TYPE_DICTIONARY
Orphan StringName: PROPERTY_USAGE_NONE
Orphan StringName: KEY_BRACKETLEFT
Orphan StringName: KEY_FORWARD
Orphan StringName: KEY_LESS
Orphan StringName: PROPERTY_USAGE_ARRAY
Orphan StringName: PROPERTY_HINT_SAVE_FILE
Orphan StringName: HORIZONTAL
Orphan StringName: TYPE_PROJECTION
Orphan StringName: PROPERTY_HINT_ENUM_SUGGESTION
Orphan StringName: ERR_LINK_FAILED
Orphan StringName: Color
Orphan StringName: TYPE_BASIS
Orphan StringName: KEY_QUOTELEFT
Orphan StringName: KEY_MEDIAPREVIOUS
Orphan StringName: KEY_NUMBERSIGN
Orphan StringName: OP_SHIFT_LEFT
Orphan StringName: KEY_UNKNOWN
Orphan StringName: JOY_BUTTON_DPAD_UP
Orphan StringName: KEY_SPACE
Orphan StringName: MIDI_MESSAGE_SONG_POSITION_POINTER
Orphan StringName: PROPERTY_USAGE_STORAGE
Orphan StringName: KEY_INSERT
Orphan StringName: KEY_ESCAPE
Orphan StringName: MIDI_MESSAGE_SYSTEM_EXCLUSIVE
Orphan StringName: KEY_END
Orphan StringName: KEY_F10
Orphan StringName: KEY_F11
Orphan StringName: KEY_F12
Orphan StringName: KEY_F13
Orphan StringName: KEY_F14
Orphan StringName: KEY_F15
Orphan StringName: KEY_F16
Orphan StringName: KEY_F17
Orphan StringName: KEY_F18
Orphan StringName: KEY_F19
Orphan StringName: KEY_F20
Orphan StringName: KEY_F21
Orphan StringName: KEY_F22
Orphan StringName: KEY_F23
Orphan StringName: KEY_F24
Orphan StringName: KEY_F25
Orphan StringName: KEY_F26
Orphan StringName: KEY_F27
Orphan StringName: KEY_F28
Orphan StringName: KEY_F29
Orphan StringName: KEY_F30
Orphan StringName: KEY_F31
Orphan StringName: KEY_F32
Orphan StringName: KEY_F33
Orphan StringName: KEY_F34
Orphan StringName: KEY_F35
Orphan StringName: PROPERTY_HINT_EXP_EASING
Orphan StringName: INLINE_ALIGNMENT_TOP_TO
Orphan StringName: KEY_KP_ADD
Orphan StringName: KEY_CAPSLOCK
Orphan StringName: CORNER_BOTTOM_LEFT
Orphan StringName: JOY_BUTTON_A
Orphan StringName: JOY_BUTTON_B
Orphan StringName: PROPERTY_HINT_GLOBAL_SAVE_FILE
Orphan StringName: JOY_BUTTON_X
Orphan StringName: JOY_BUTTON_Y
Orphan StringName: ERR_INVALID_PARAMETER
Orphan StringName: HORIZONTAL_ALIGNMENT_LEFT
Orphan StringName: KEY_STOP
Orphan StringName: PROPERTY_HINT_GLOBAL_DIR
Orphan StringName: INLINE_ALIGNMENT_TO_BOTTOM
Orphan StringName: TYPE_BOOL
Orphan StringName: JOY_BUTTON_TOUCHPAD
Orphan StringName: TYPE_PLANE
Orphan StringName: INLINE_ALIGNMENT_TO_TOP
Orphan StringName: METHOD_FLAG_VIRTUAL
Orphan StringName: ERR_COMPILATION_FAILED
Orphan StringName: KEY_SEARCH
Orphan StringName: HORIZONTAL_ALIGNMENT_CENTER
Orphan StringName: PROPERTY_HINT_DIR
Orphan StringName: PackedByteArray
Orphan StringName: PROPERTY_HINT_NODE_TYPE
Orphan StringName: ERR_INVALID_DECLARATION
Orphan StringName: INLINE_ALIGNMENT_CENTER
Orphan StringName: PROPERTY_USAGE_CLASS_IS_BITFIELD
Orphan StringName: KEY_PARENRIGHT
Orphan StringName: KEY_BACKTAB
Orphan StringName: INLINE_ALIGNMENT_IMAGE_MASK
Orphan StringName: ERR_FILE_BAD_PATH
Orphan StringName: JOY_BUTTON_DPAD_RIGHT
Orphan StringName: KEY_VOLUMEUP
Orphan StringName: JOY_BUTTON_START
Orphan StringName: SIDE_RIGHT
Orphan StringName: PROPERTY_HINT_OBJECT_TOO_BIG
Orphan StringName: ERR_ALREADY_EXISTS
Orphan StringName: PROPERTY_USAGE_CATEGORY
Orphan StringName: PROPERTY_USAGE_NEVER_DUPLICATE
Orphan StringName: VERTICAL_ALIGNMENT_TOP
Orphan StringName: KEY_PARENLEFT
Orphan StringName: TYPE_PACKED_INT64_ARRAY
Orphan StringName: KEY_COLON
Orphan StringName: ERR_OUT_OF_MEMORY
Orphan StringName: KEY_ASCIICIRCUM
Orphan StringName: PROPERTY_HINT_NODE_PATH_TO_EDITED_NODE
Orphan StringName: KEY_SPECIAL
Orphan StringName: KEY_ASTERISK
Orphan StringName: KEY_COMMA
Orphan StringName: MOUSE_BUTTON_WHEEL_LEFT
Orphan StringName: KEY_HYPER
Orphan StringName: ERR_FILE_NOT_FOUND
Orphan StringName: TYPE_PACKED_INT32_ARRAY
Orphan StringName: EulerOrder
Orphan StringName: ERR_SCRIPT_FAILED
Orphan StringName: TYPE_PACKED_BYTE_ARRAY
Orphan StringName: KEY_AMPERSAND
Orphan StringName: PROPERTY_HINT_RESOURCE_TYPE
Orphan StringName: KEY_MASK_META
Orphan StringName: MOUSE_BUTTON_LEFT
Orphan StringName: ERR_FILE_CORRUPT
Orphan StringName: PROPERTY_USAGE_ALWAYS_DUPLICATE
Orphan StringName: JOY_AXIS_TRIGGER_LEFT
Orphan StringName: KEY_RIGHT
Orphan StringName: INLINE_ALIGNMENT_BOTTOM
Orphan StringName: JOY_AXIS_TRIGGER_RIGHT
Orphan StringName: PROPERTY_HINT_HIDE_QUATERNION_EDIT
Orphan StringName: MIDI_MESSAGE_NOTE_ON
Orphan StringName: PROPERTY_USAGE_INTERNAL
Orphan StringName: ERR_UNAUTHORIZED
Orphan StringName: KEY_MEDIARECORD
Orphan StringName: INLINE_ALIGNMENT_CENTER_TO
Orphan StringName: TYPE_ARRAY
Orphan StringName: PropertyHint
Orphan StringName: JOY_BUTTON_SDL_MAX
Orphan StringName: PROPERTY_USAGE_NO_INSTANCE_STATE
Orphan StringName: TYPE_STRING_NAME
Orphan StringName: MIDI_MESSAGE_CHANNEL_PRESSURE
Orphan StringName: KEY_FAVORITES
Orphan StringName: PROPERTY_USAGE_DEFAULT
Orphan StringName: ERR_PRINTER_ON_FIRE
Orphan StringName: TYPE_SIGNAL
Orphan StringName: PROPERTY_HINT_MAX
Orphan StringName: Side
Orphan StringName: KEY_NONE
Orphan StringName: MOUSE_BUTTON_XBUTTON1
Orphan StringName: MOUSE_BUTTON_XBUTTON2
Orphan StringName: Vector2i
Orphan StringName: Callable
Orphan StringName: Vector3i
Orphan StringName: Vector4i
Orphan StringName: TYPE_NODE_PATH
Orphan StringName: TYPE_STRING
Orphan StringName: KEY_MASK_KPAD
Orphan StringName: KEY_MASK_ALT
Orphan StringName: ERR_FILE_CANT_READ
Orphan StringName: PROPERTY_USAGE_RESTART_IF_CHANGED
Orphan StringName: ERR_TIMEOUT
Orphan StringName: PackedStringArray
Orphan StringName: SIDE_BOTTOM
Orphan StringName: KEY_TAB
Orphan StringName: VERTICAL
Orphan StringName: JOY_BUTTON_RIGHT_STICK
Orphan StringName: TYPE_AABB
Orphan StringName: EULER_ORDER_XYZ
Orphan StringName: EULER_ORDER_XZY
Orphan StringName: KEY_MEDIASTOP
Orphan StringName: TYPE_VECTOR2
Orphan StringName: TYPE_VECTOR3
Orphan StringName: TYPE_VECTOR4
Orphan StringName: OP_ADD
Orphan StringName: KEY_PLUS
Orphan StringName: JOY_BUTTON_MAX
Orphan StringName: KEY_CTRL
Orphan StringName: OP_AND
Orphan StringName: KEY_MEDIANEXT
Orphan StringName: EULER_ORDER_YXZ
Orphan StringName: EULER_ORDER_YZX
Orphan StringName: PROPERTY_USAGE_CHECKED
Orphan StringName: MIDIMessage
Orphan StringName: KEY_PAGEUP
Orphan StringName: EULER_ORDER_ZXY
Orphan StringName: EULER_ORDER_ZYX
Orphan StringName: OK
Orphan StringName: PROPERTY_USAGE_EDITOR
Orphan StringName: TYPE_TRANSFORM2D
Orphan StringName: TYPE_TRANSFORM3D
Orphan StringName: ERR_CANT_CONNECT
Orphan StringName: INLINE_ALIGNMENT_TEXT_MASK
Orphan StringName: KEY_BRACKETRIGHT
Orphan StringName: KEY_STANDBY
Orphan StringName: JOY_BUTTON_LEFT_SHOULDER
Orphan StringName: ERR_CONNECTION_ERROR
Orphan StringName: OP_BIT_AND
Orphan StringName: Basis
Orphan StringName: KEY_QUOTEDBL
Orphan StringName: TYPE_FLOAT
Orphan StringName: ERR_CANT_CREATE
Orphan StringName: KEY_YEN
Orphan StringName: MIDI_MESSAGE_PITCH_BEND
Orphan StringName: KEY_CLEAR
Orphan StringName: JoyButton
Orphan StringName: FileAccess
Orphan StringName: int
Orphan StringName: Variant.Type
Orphan StringName: OP_POWER
Orphan StringName: CORNER_BOTTOM_RIGHT
Orphan StringName: OP_SHIFT_RIGHT
Orphan StringName: InlineAlignment
Orphan StringName: OP_EQUAL
Orphan StringName: OP_GREATER
Orphan StringName: OP_LESS_EQUAL
Orphan StringName: ERR_METHOD_NOT_FOUND
Orphan StringName: PROPERTY_USAGE_SCRIPT_DEFAULT_VALUE
Orphan StringName: KEY_KP_DIVIDE
Orphan StringName: PROPERTY_HINT_FILE
Orphan StringName: PackedFloat32Array
Orphan StringName: OP_NEGATE
Orphan StringName: PROPERTY_HINT_LOCALE_ID
Orphan StringName: PROPERTY_HINT_PASSWORD
Orphan StringName: ERR_CANT_ACQUIRE_RESOURCE
Orphan StringName: KEY_0
Orphan StringName: KEY_1
Orphan StringName: KEY_2
Orphan StringName: KEY_3
Orphan StringName: KEY_4
Orphan StringName: KEY_5
Orphan StringName: KEY_6
Orphan StringName: KEY_7
Orphan StringName: KEY_8
Orphan StringName: KEY_9
Orphan StringName: KEY_A
Orphan StringName: KEY_B
Orphan StringName: KEY_C
Orphan StringName: KEY_D
Orphan StringName: KEY_E
Orphan StringName: KEY_F
Orphan StringName: KEY_G
Orphan StringName: KEY_H
Orphan StringName: KEY_I
Orphan StringName: KEY_J
Orphan StringName: KEY_K
Orphan StringName: KEY_L
Orphan StringName: KEY_M
Orphan StringName: KEY_N
Orphan StringName: KEY_O
Orphan StringName: KEY_P
Orphan StringName: KEY_Q
Orphan StringName: KEY_R
Orphan StringName: KEY_S
Orphan StringName: KEY_T
Orphan StringName: KEY_U
Orphan StringName: KEY_V
Orphan StringName: KEY_W
Orphan StringName: KEY_X
Orphan StringName: KEY_Y
Orphan StringName: KEY_Z
Orphan StringName: Plane
Orphan StringName: KEY_REFRESH
Orphan StringName: PackedFloat64Array
Orphan StringName: PROPERTY_USAGE_STORE_IF_NULL
Orphan StringName: KEY_BACK
Orphan StringName: KEY_OPENURL
Orphan StringName: SIDE_TOP
Orphan StringName: PROPERTY_HINT_LAYERS_2D_NAVIGATION
Orphan StringName: TYPE_OBJECT
Orphan StringName: ERR_LOCKED
Orphan StringName: KEY_APOSTROPHE
Orphan StringName: NodePath
Orphan StringName: MOUSE_BUTTON_NONE
Orphan StringName: JOY_BUTTON_PADDLE1
Orphan StringName: JOY_BUTTON_PADDLE2
Orphan StringName: JOY_BUTTON_PADDLE3
Orphan StringName: JOY_BUTTON_PADDLE4
Orphan StringName: OP_GREATER_EQUAL
Orphan StringName: ERR_CYCLIC_LINK
Orphan StringName: KEY_LAUNCHMEDIA
Orphan StringName: KEY_JIS_EISU
Orphan StringName: COUNTERCLOCKWISE
Orphan StringName: ERR_CANT_RESOLVE
Orphan StringName: PROPERTY_USAGE_HIGH_END_GFX
Orphan StringName: PROPERTY_USAGE_UPDATE_ALL_IF_MODIFIED
Orphan StringName: TYPE_RECT2
Orphan StringName: ERR_FILE_CANT_WRITE
Orphan StringName: PROPERTY_HINT_LAYERS_3D_NAVIGATION
Orphan StringName: Signal
Orphan StringName: StringName
Orphan StringName: KEY_KP_ENTER
Orphan StringName: ERR_UNAVAILABLE
Orphan StringName: String
Orphan StringName: PROPERTY_HINT_LAYERS_3D_PHYSICS
Orphan StringName: ClockDirection
Orphan StringName: PROPERTY_USAGE_EDITOR_INSTANTIATE_OBJECT
Orphan StringName: KEY_VOLUMEDOWN
Orphan StringName: METHOD_FLAG_EDITOR
Orphan StringName: OP_MAX
Orphan StringName: PROPERTY_HINT_FLAGS
Orphan StringName: ERR_FILE_NO_PERMISSION
Orphan StringName: Transform2D
Orphan StringName: KEY_ASCIITILDE
Orphan StringName: Transform3D
Orphan StringName: OP_BIT_OR
Orphan StringName: VERTICAL_ALIGNMENT_CENTER
Orphan StringName: ERR_FILE_UNRECOGNIZED
Orphan StringName: KEY_MEDIAPLAY
Orphan StringName: VERTICAL_ALIGNMENT_FILL
Orphan StringName: OP_NOT
Orphan StringName: KEY_VOLUMEMUTE
Orphan StringName: CORNER_TOP_RIGHT
Orphan StringName: PROPERTY_USAGE_GROUP
Orphan StringName: METHOD_FLAG_VARARG
Orphan StringName: KEY_MASK_GROUP_SWITCH
Orphan StringName: PROPERTY_HINT_ARRAY_TYPE
Orphan StringName: PROPERTY_HINT_LAYERS_2D_RENDER
Orphan StringName: PROPERTY_USAGE_CHECKABLE
Orphan StringName: KEY_MENU
Orphan StringName: KEY_SECTION
Orphan StringName: KEY_META
Orphan StringName: PROPERTY_USAGE_SCRIPT_VARIABLE
Orphan StringName: KEY_DELETE
Orphan StringName: PROPERTY_USAGE_RESOURCE_NOT_PERSISTENT
Orphan StringName: Corner
Orphan StringName: PROPERTY_USAGE_SUBGROUP
Orphan StringName: OP_DIVIDE
Orphan StringName: KEY_NUMLOCK
Orphan StringName: FAILED
Orphan StringName: Array
Orphan StringName: JOY_AXIS_RIGHT_X
Orphan StringName: JOY_AXIS_RIGHT_Y
Orphan StringName: OP_NOT_EQUAL
Orphan StringName: PROPERTY_HINT_NODE_PATH_VALID_TYPES
Orphan StringName: Quaternion
Orphan StringName: KEY_EQUAL
Orphan StringName: KEY_LAUNCH0
Orphan StringName: KEY_LAUNCH1
Orphan StringName: KEY_LAUNCH2
Orphan StringName: KEY_LAUNCH3
Orphan StringName: KEY_LAUNCH4
Orphan StringName: KEY_LAUNCH5
Orphan StringName: KEY_LAUNCH6
Orphan StringName: KEY_LAUNCH7
Orphan StringName: KEY_LAUNCH8
Orphan StringName: KEY_LAUNCH9
Orphan StringName: KEY_LAUNCHA
Orphan StringName: KEY_LAUNCHB
Orphan StringName: KEY_LAUNCHC
Orphan StringName: KEY_LAUNCHD
Orphan StringName: KEY_LAUNCHE
Orphan StringName: KEY_LAUNCHF
Orphan StringName: PROPERTY_HINT_OBJECT_ID
Orphan StringName: MIDI_MESSAGE_SYSTEM_RESET
Orphan StringName: bool
Orphan StringName: PropertyUsageFlags
Orphan StringName: OP_MULTIPLY
Orphan StringName: MIDI_MESSAGE_PROGRAM_CHANGE
Orphan StringName: VERTICAL_ALIGNMENT_BOTTOM
Orphan StringName: PROPERTY_USAGE_NODE_PATH_FROM_SCENE_ROOT
Orphan StringName: CORNER_TOP_LEFT
Orphan StringName: PackedColorArray
Orphan StringName: TYPE_RECT2I
Orphan StringName: KEY_DOLLAR
Orphan StringName: MouseButton
Orphan StringName: JOY_BUTTON_RIGHT_SHOULDER
Orphan StringName: KEY_UNDERSCORE
Orphan StringName: KEY_JIS_KANA
Orphan StringName: MOUSE_BUTTON_MASK_RIGHT
Orphan StringName: KEY_KP_0
Orphan StringName: KEY_KP_1
Orphan StringName: KEY_KP_2
Orphan StringName: KEY_KP_3
Orphan StringName: KEY_KP_4
Orphan StringName: KEY_KP_5
Orphan StringName: KEY_KP_6
Orphan StringName: KEY_KP_7
Orphan StringName: KEY_KP_8
Orphan StringName: KEY_KP_9
Orphan StringName: OP_POSITIVE
Orphan StringName: PROPERTY_USAGE_EDITOR_BASIC_SETTING
Orphan StringName: KEY_BRACERIGHT
Orphan StringName: MIDI_MESSAGE_NOTE_OFF
Orphan StringName: JOY_BUTTON_GUIDE
Orphan StringName: PackedVector2Array
Orphan StringName: OP_BIT_NEGATE
Orphan StringName: PROPERTY_USAGE_READ_ONLY
Orphan StringName: OP_SUBTRACT
Orphan StringName: JOY_AXIS_INVALID
Orphan StringName: Object
Orphan StringName: TYPE_COLOR
Orphan StringName: MIDI_MESSAGE_STOP
Orphan StringName: ERR_UNCONFIGURED
Orphan StringName: ERR_DATABASE_CANT_READ
Orphan StringName: KEY_HOMEPAGE
Orphan StringName: INLINE_ALIGNMENT_TOP
Orphan StringName: JOY_BUTTON_DPAD_DOWN
Orphan StringName: PROPERTY_HINT_GLOBAL_FILE
Orphan StringName: PROPERTY_HINT_EXPRESSION
Orphan StringName: PROPERTY_HINT_INT_IS_POINTER
Orphan StringName: OP_XOR
Orphan StringName: PROPERTY_HINT_LINK
Orphan StringName: TYPE_PACKED_VECTOR2_ARRAY
Orphan StringName: KEY_EXCLAM
Orphan StringName: ERR_FILE_BAD_DRIVE
Orphan StringName: AABB
Orphan StringName: KEY_GREATER
Orphan StringName: PROPERTY_USAGE_NIL_IS_VARIANT
Orphan StringName: ERR_DUPLICATE_SYMBOL
Orphan StringName: KEY_PAGEDOWN
Orphan StringName: CLOCKWISE
Orphan StringName: PROPERTY_USAGE_NO_EDITOR
Orphan StringName: INLINE_ALIGNMENT_BOTTOM_TO
Orphan StringName: KEY_KP_PERIOD
Orphan StringName: MIDI_MESSAGE_ACTIVE_SENSING
Orphan StringName: OP_BIT_XOR
Orphan StringName: JOY_AXIS_LEFT_X
Orphan StringName: JOY_AXIS_LEFT_Y
Orphan StringName: MIDI_MESSAGE_CONTROL_CHANGE
Orphan StringName: TYPE_CALLABLE
Orphan StringName: KeyModifierMask
Orphan StringName: MIDI_MESSAGE_TIMING_CLOCK
Orphan StringName: MOUSE_BUTTON_WHEEL_UP
Orphan StringName: KEY_MASK_CMD_OR_CTRL
Orphan StringName: TYPE_VECTOR2I
Orphan StringName: TYPE_VECTOR3I
Orphan StringName: ERR_BUSY
Orphan StringName: TYPE_VECTOR4I
Orphan StringName: float
Orphan StringName: PROPERTY_HINT_LOCALIZABLE_STRING
Orphan StringName: PROPERTY_HINT_COLOR_NO_ALPHA
Orphan StringName: ERR_FILE_ALREADY_IN_USE
Orphan StringName: KEY_BACKSLASH
Orphan StringName: Orientation
Orphan StringName: MOUSE_BUTTON_RIGHT
Orphan StringName: TYPE_PACKED_FLOAT64_ARRAY
Orphan StringName: PROPERTY_USAGE_CLASS_IS_ENUM
Orphan StringName: KEY_DOWN
Orphan StringName: ERR_FILE_EOF
Orphan StringName: TYPE_QUATERNION
Orphan StringName: KEY_SHIFT
Orphan StringName: ERR_HELP
Orphan StringName: Dictionary
Orphan StringName: MOUSE_BUTTON_MASK_MB_XBUTTON1
Orphan StringName: MOUSE_BUTTON_MASK_MB_XBUTTON2
Orphan StringName: MIDI_MESSAGE_TUNE_REQUEST
Orphan StringName: TYPE_INT
Orphan StringName: ERR_PARAMETER_RANGE_ERROR
Orphan StringName: METHOD_FLAG_NORMAL
Orphan StringName: KEY_HELP
Orphan StringName: KEY_PERIOD
Orphan StringName: Projection
Orphan StringName: SIDE_LEFT
Orphan StringName: TYPE_PACKED_FLOAT32_ARRAY
Orphan StringName: JOY_BUTTON_MISC1
Orphan StringName: ERR_FILE_CANT_OPEN
Orphan StringName: KEY_KP_MULTIPLY
Orphan StringName: MOUSE_BUTTON_MIDDLE
Orphan StringName: Rect2
Orphan StringName: PackedVector3Array
Orphan StringName: PackedInt32Array
Orphan StringName: Rect2i
Orphan StringName: KEY_AT
Orphan StringName: VerticalAlignment
Orphan StringName: KEY_F1
Orphan StringName: KEY_F2
Orphan StringName: KEY_F3
Orphan StringName: KEY_F4
Orphan StringName: KEY_F5
Orphan StringName: KEY_F6
Orphan StringName: KEY_F7
Orphan StringName: KEY_F8
Orphan StringName: KEY_F9
Orphan StringName: INLINE_ALIGNMENT_BASELINE_TO
Orphan StringName: MIDI_MESSAGE_START
Orphan StringName: KEY_UP
Orphan StringName: KEY_CODE_MASK
Orphan StringName: PROPERTY_HINT_RANGE
Orphan StringName: TYPE_PACKED_COLOR_ARRAY
Orphan StringName: JOY_AXIS_MAX
Orphan StringName: KEY_MINUS
Orphan StringName: ERR_CANT_OPEN
Orphan StringName: KEY_SLASH
Orphan StringName: ERR_INVALID_DATA
Orphan StringName: MOUSE_BUTTON_WHEEL_RIGHT
Orphan StringName: MIDI_MESSAGE_NONE
Orphan StringName: HORIZONTAL_ALIGNMENT_FILL
Orphan StringName: TYPE_MAX
Orphan StringName: PackedInt64Array
Orphan StringName: PROPERTY_HINT_MULTILINE_TEXT
Orphan StringName: MIDI_MESSAGE_SONG_SELECT
Orphan StringName: KEY_MODIFIER_MASK
Orphan StringName: PROPERTY_USAGE_KEYING_INCREMENTS
Orphan StringName: KEY_PAUSE
Orphan StringName: METHOD_FLAG_STATIC
Orphan StringName: KEY_LAUNCHMAIL
Orphan StringName: PROPERTY_HINT_INT_IS_OBJECTID
Orphan StringName: TYPE_NIL
Orphan StringName: HorizontalAlignment
Orphan StringName: KEY_KEYBOARD
Orphan StringName: KEY_PERCENT
Orphan StringName: Key
Orphan StringName: KEY_BRACELEFT
Orphan StringName: PROPERTY_HINT_PLACEHOLDER_TEXT
StringName: 558 unclaimed string names at exit.
ERROR: 1024 RID allocations of type 'N17RendererSceneCull8InstanceE' were leaked at exit.
